{"synthetic": false,
 "schemaVersion": "2025-09-10",
 "outputs":
 {"o": ["dbdfe0cc2a16b504.olean"],
  "i": "7aaf8fe5e6fab4c8.ilean",
  "c": "ebe762a0c8b90fd5.c"},
 "log":
 [{"message":
   ".> LEAN_PATH=/Users/g.bogans/Downloads/fard_witnessed/.lake/build/lib/lean /Users/g.bogans/.elan/toolchains/leanprover--lean4---v4.29.0/bin/lean /Users/g.bogans/Downloads/fard_witnessed/FardWitnessed.lean -o /Users/g.bogans/Downloads/fard_witnessed/.lake/build/lib/lean/FardWitnessed.olean -i /Users/g.bogans/Downloads/fard_witnessed/.lake/build/lib/lean/FardWitnessed.ilean -c /Users/g.bogans/Downloads/fard_witnessed/.lake/build/ir/FardWitnessed.c --setup /Users/g.bogans/Downloads/fard_witnessed/.lake/build/ir/FardWitnessed.setup.json --json",
   "level": "trace"}],
 "inputs":
 [["FardWitnessed:deps",
   [["deps",
     [["FardWitnessed/FardWitnessed:extraDep",
       [["@FardWitnessed:extraDep", "00000000000006bb"]]],
      ["imports",
       [["FardWitnessed.Foundation transitive imports (legacy)",
         "00000000000006bb"],
        ["FardWitnessed.Foundation:importAllArts", "a1ca5851cebca91c"],
        ["FardWitnessed.BaseSystem transitive imports (legacy)",
         "726f76cada8dff89"],
        ["FardWitnessed.BaseSystem:importAllArts", "d709cd40c87a35a7"],
        ["FardWitnessed.WitnessedRandomness transitive imports (legacy)",
         "58de240f1fbe0362"],
        ["FardWitnessed.WitnessedRandomness:importAllArts", "5e3fbd07ed38fe8e"],
        ["FardWitnessed.ProbabilityLifting transitive imports (legacy)",
         "e2478152d213632a"],
        ["FardWitnessed.ProbabilityLifting:importAllArts", "006e775b9ef2d65f"],
        ["FardWitnessed.MeasurePreservation transitive imports (legacy)",
         "9d506ebe85f24514"],
        ["FardWitnessed.MeasurePreservation:importAllArts", "8b8d7086dc7536f4"],
        ["FardWitnessed.Convergence transitive imports (legacy)",
         "f85d15c1cd390886"],
        ["FardWitnessed.Convergence:importAllArts", "abaeb49dc6ebd07b"],
        ["FardWitnessed.LayerwiseLipschitz transitive imports (legacy)",
         "b12e7687fb8f7e33"],
        ["FardWitnessed.LayerwiseLipschitz:importAllArts", "b75ecb22a8173ba7"],
        ["FardWitnessed.ScalingLaws transitive imports (legacy)",
         "b12e7687fb8f7e33"],
        ["FardWitnessed.ScalingLaws:importAllArts", "0c2289407c0adeb8"],
        ["FardWitnessed.Generalization transitive imports (legacy)",
         "b12e7687fb8f7e33"],
        ["FardWitnessed.Generalization:importAllArts", "ef30bac7eea6dda7"],
        ["FardWitnessed.Unified transitive imports (legacy)",
         "484d771756e0a4c6"],
        ["FardWitnessed.Unified:importAllArts", "6ca1c2daa46f525d"]]]]],
    ["libs",
     [["import dynlibs", "00000000000006bb"],
      ["package external libraries", "00000000000006bb"],
      ["module dynlibs", "00000000000006bb"],
      ["module plugins", "00000000000006bb"]]]]],
  ["Lean 4.29.0, commit 98dc76e3c0a9b856c9b98726b713fb04fab16740",
   "60bb08ef22408c8a"],
  ["/Users/g.bogans/Downloads/fard_witnessed/FardWitnessed.lean",
   "32077c81b9bd3dbe"],
  ["options", "00000000000006bb"],
  ["isModule: false", "feefd2a0d3a1847e"],
  ["Module.name: FardWitnessed", "b4eaae5bf8ac6340"],
  ["Package.id?: (some FardWitnessed)", "f6b3bc9d63e48f51"],
  ["Module.leanArgs: #[]", "00000000000006bb"]],
 "depHash": "7d84fa2e7b15a276"}