{"synthetic": false,
 "schemaVersion": "2025-09-10",
 "outputs":
 {"o": ["e5951fa80e50d60a.olean"],
  "i": "aac4a56a0f60ccf3.ilean",
  "c": "dc04a08461c9e7a0.c"},
 "log":
 [{"message":
   ".> LEAN_PATH=/Users/g.bogans/Downloads/fard_witnessed/.lake/build/lib/lean /Users/g.bogans/.elan/toolchains/leanprover--lean4---v4.29.0/bin/lean /Users/g.bogans/Downloads/fard_witnessed/Main.lean -o /Users/g.bogans/Downloads/fard_witnessed/.lake/build/lib/lean/Main.olean -i /Users/g.bogans/Downloads/fard_witnessed/.lake/build/lib/lean/Main.ilean -c /Users/g.bogans/Downloads/fard_witnessed/.lake/build/ir/Main.c --setup /Users/g.bogans/Downloads/fard_witnessed/.lake/build/ir/Main.setup.json --json",
   "level": "trace"}],
 "inputs":
 [["Main:deps",
   [["deps",
     [["FardWitnessed/fardWitnessed:extraDep",
       [["@FardWitnessed:extraDep", "00000000000006bb"]]],
      ["imports",
       [["FardWitnessed transitive imports (legacy)", "e7a48089f8983ff9"],
        ["FardWitnessed:importAllArts", "fe05cd418c38ec91"]]]]],
    ["libs",
     [["import dynlibs", "00000000000006bb"],
      ["package external libraries", "00000000000006bb"],
      ["module dynlibs", "00000000000006bb"],
      ["module plugins", "00000000000006bb"]]]]],
  ["Lean 4.29.0, commit 98dc76e3c0a9b856c9b98726b713fb04fab16740",
   "60bb08ef22408c8a"],
  ["/Users/g.bogans/Downloads/fard_witnessed/Main.lean", "b65f4992e89c4582"],
  ["options", "00000000000006bb"],
  ["isModule: false", "feefd2a0d3a1847e"],
  ["Module.name: Main", "f2a1fd945cf30c62"],
  ["Package.id?: (some FardWitnessed)", "f6b3bc9d63e48f51"],
  ["Module.leanArgs: #[]", "00000000000006bb"]],
 "depHash": "626863db3aeb2c6e"}