{"synthetic": false,
 "schemaVersion": "2025-09-10",
 "outputs":
 {"o": ["e83536fca460b0e5.olean"],
  "i": "9466b02daa088530.ilean",
  "c": "709cdad6e2ac026e.c"},
 "log":
 [{"message":
   ".> LEAN_PATH=/Users/g.bogans/Downloads/fard_witnessed/.lake/build/lib/lean /Users/g.bogans/.elan/toolchains/leanprover--lean4---v4.29.0/bin/lean /Users/g.bogans/Downloads/fard_witnessed/FardWitnessed/Convergence.lean -o /Users/g.bogans/Downloads/fard_witnessed/.lake/build/lib/lean/FardWitnessed/Convergence.olean -i /Users/g.bogans/Downloads/fard_witnessed/.lake/build/lib/lean/FardWitnessed/Convergence.ilean -c /Users/g.bogans/Downloads/fard_witnessed/.lake/build/ir/FardWitnessed/Convergence.c --setup /Users/g.bogans/Downloads/fard_witnessed/.lake/build/ir/FardWitnessed/Convergence.setup.json --json",
   "level": "trace"}],
 "inputs":
 [["FardWitnessed.Convergence:deps",
   [["deps",
     [["FardWitnessed/FardWitnessed:extraDep",
       [["@FardWitnessed:extraDep", "00000000000006bb"]]],
      ["imports",
       [["FardWitnessed.MeasurePreservation transitive imports (legacy)",
         "9d506ebe85f24514"],
        ["FardWitnessed.MeasurePreservation:importAllArts",
         "8b8d7086dc7536f4"]]]]],
    ["libs",
     [["import dynlibs", "00000000000006bb"],
      ["package external libraries", "00000000000006bb"],
      ["module dynlibs", "00000000000006bb"],
      ["module plugins", "00000000000006bb"]]]]],
  ["Lean 4.29.0, commit 98dc76e3c0a9b856c9b98726b713fb04fab16740",
   "60bb08ef22408c8a"],
  ["/Users/g.bogans/Downloads/fard_witnessed/FardWitnessed/Convergence.lean",
   "cebba0602d5e9c4b"],
  ["options", "00000000000006bb"],
  ["isModule: false", "feefd2a0d3a1847e"],
  ["Module.name: FardWitnessed.Convergence", "ea4e6da9d698bfbb"],
  ["Package.id?: (some FardWitnessed)", "f6b3bc9d63e48f51"],
  ["Module.leanArgs: #[]", "00000000000006bb"]],
 "depHash": "328122851027cab3"}