{"synthetic": false,
 "schemaVersion": "2025-09-10",
 "outputs":
 {"o": ["37fe227e83ea24cf.olean"],
  "i": "4ac7da128cdf88c5.ilean",
  "c": "ef0ded484c6b578e.c"},
 "log":
 [{"message":
   ".> LEAN_PATH=/Users/g.bogans/Downloads/fard_witnessed/.lake/build/lib/lean /Users/g.bogans/.elan/toolchains/leanprover--lean4---v4.29.0/bin/lean /Users/g.bogans/Downloads/fard_witnessed/FardWitnessed/LayerwiseLipschitz.lean -o /Users/g.bogans/Downloads/fard_witnessed/.lake/build/lib/lean/FardWitnessed/LayerwiseLipschitz.olean -i /Users/g.bogans/Downloads/fard_witnessed/.lake/build/lib/lean/FardWitnessed/LayerwiseLipschitz.ilean -c /Users/g.bogans/Downloads/fard_witnessed/.lake/build/ir/FardWitnessed/LayerwiseLipschitz.c --setup /Users/g.bogans/Downloads/fard_witnessed/.lake/build/ir/FardWitnessed/LayerwiseLipschitz.setup.json --json",
   "level": "trace"}],
 "inputs":
 [["FardWitnessed.LayerwiseLipschitz:deps",
   [["deps",
     [["FardWitnessed/FardWitnessed:extraDep",
       [["@FardWitnessed:extraDep", "00000000000006bb"]]],
      ["imports",
       [["FardWitnessed.Convergence transitive imports (legacy)",
         "f85d15c1cd390886"],
        ["FardWitnessed.Convergence:importAllArts", "abaeb49dc6ebd07b"]]]]],
    ["libs",
     [["import dynlibs", "00000000000006bb"],
      ["package external libraries", "00000000000006bb"],
      ["module dynlibs", "00000000000006bb"],
      ["module plugins", "00000000000006bb"]]]]],
  ["Lean 4.29.0, commit 98dc76e3c0a9b856c9b98726b713fb04fab16740",
   "60bb08ef22408c8a"],
  ["/Users/g.bogans/Downloads/fard_witnessed/FardWitnessed/LayerwiseLipschitz.lean",
   "3a0dcff40d3bfb9c"],
  ["options", "00000000000006bb"],
  ["isModule: false", "feefd2a0d3a1847e"],
  ["Module.name: FardWitnessed.LayerwiseLipschitz", "53648dcb31b16a86"],
  ["Package.id?: (some FardWitnessed)", "f6b3bc9d63e48f51"],
  ["Module.leanArgs: #[]", "00000000000006bb"]],
 "depHash": "0658fe574ceaf589"}