{"synthetic": false,
 "schemaVersion": "2025-09-10",
 "outputs":
 {"o": ["efae485e7e00dd28.olean"],
  "i": "33aafc78d5994e53.ilean",
  "c": "fc3e2353a65d67fb.c"},
 "log":
 [{"message":
   ".> LEAN_PATH=/Users/g.bogans/Downloads/fard_witnessed/.lake/build/lib/lean /Users/g.bogans/.elan/toolchains/leanprover--lean4---v4.29.0/bin/lean /Users/g.bogans/Downloads/fard_witnessed/FardWitnessed/MeasurePreservation.lean -o /Users/g.bogans/Downloads/fard_witnessed/.lake/build/lib/lean/FardWitnessed/MeasurePreservation.olean -i /Users/g.bogans/Downloads/fard_witnessed/.lake/build/lib/lean/FardWitnessed/MeasurePreservation.ilean -c /Users/g.bogans/Downloads/fard_witnessed/.lake/build/ir/FardWitnessed/MeasurePreservation.c --setup /Users/g.bogans/Downloads/fard_witnessed/.lake/build/ir/FardWitnessed/MeasurePreservation.setup.json --json",
   "level": "trace"}],
 "inputs":
 [["FardWitnessed.MeasurePreservation:deps",
   [["deps",
     [["FardWitnessed/FardWitnessed:extraDep",
       [["@FardWitnessed:extraDep", "00000000000006bb"]]],
      ["imports",
       [["FardWitnessed.ProbabilityLifting transitive imports (legacy)",
         "e2478152d213632a"],
        ["FardWitnessed.ProbabilityLifting:importAllArts",
         "006e775b9ef2d65f"]]]]],
    ["libs",
     [["import dynlibs", "00000000000006bb"],
      ["package external libraries", "00000000000006bb"],
      ["module dynlibs", "00000000000006bb"],
      ["module plugins", "00000000000006bb"]]]]],
  ["Lean 4.29.0, commit 98dc76e3c0a9b856c9b98726b713fb04fab16740",
   "60bb08ef22408c8a"],
  ["/Users/g.bogans/Downloads/fard_witnessed/FardWitnessed/MeasurePreservation.lean",
   "fa70492fc0b8ce41"],
  ["options", "00000000000006bb"],
  ["isModule: false", "feefd2a0d3a1847e"],
  ["Module.name: FardWitnessed.MeasurePreservation", "d7562d44dab02932"],
  ["Package.id?: (some FardWitnessed)", "f6b3bc9d63e48f51"],
  ["Module.leanArgs: #[]", "00000000000006bb"]],
 "depHash": "0757b7a36b75606e"}