{"synthetic": false,
 "schemaVersion": "2025-09-10",
 "outputs":
 {"o": ["c3d2e274eb0913df.olean"],
  "i": "3dcc7fe92702a54f.ilean",
  "c": "7ce58e3f82295b2f.c"},
 "log":
 [{"message":
   ".> LEAN_PATH=/Users/g.bogans/Downloads/fard_witnessed/.lake/build/lib/lean /Users/g.bogans/.elan/toolchains/leanprover--lean4---v4.29.0/bin/lean /Users/g.bogans/Downloads/fard_witnessed/FardWitnessed/ProbabilityLifting.lean -o /Users/g.bogans/Downloads/fard_witnessed/.lake/build/lib/lean/FardWitnessed/ProbabilityLifting.olean -i /Users/g.bogans/Downloads/fard_witnessed/.lake/build/lib/lean/FardWitnessed/ProbabilityLifting.ilean -c /Users/g.bogans/Downloads/fard_witnessed/.lake/build/ir/FardWitnessed/ProbabilityLifting.c --setup /Users/g.bogans/Downloads/fard_witnessed/.lake/build/ir/FardWitnessed/ProbabilityLifting.setup.json --json",
   "level": "trace"}],
 "inputs":
 [["FardWitnessed.ProbabilityLifting:deps",
   [["deps",
     [["FardWitnessed/FardWitnessed:extraDep",
       [["@FardWitnessed:extraDep", "00000000000006bb"]]],
      ["imports",
       [["FardWitnessed.WitnessedRandomness transitive imports (legacy)",
         "58de240f1fbe0362"],
        ["FardWitnessed.WitnessedRandomness:importAllArts",
         "5e3fbd07ed38fe8e"]]]]],
    ["libs",
     [["import dynlibs", "00000000000006bb"],
      ["package external libraries", "00000000000006bb"],
      ["module dynlibs", "00000000000006bb"],
      ["module plugins", "00000000000006bb"]]]]],
  ["Lean 4.29.0, commit 98dc76e3c0a9b856c9b98726b713fb04fab16740",
   "60bb08ef22408c8a"],
  ["/Users/g.bogans/Downloads/fard_witnessed/FardWitnessed/ProbabilityLifting.lean",
   "673126e6742476a9"],
  ["options", "00000000000006bb"],
  ["isModule: false", "feefd2a0d3a1847e"],
  ["Module.name: FardWitnessed.ProbabilityLifting", "52a3a303d920b034"],
  ["Package.id?: (some FardWitnessed)", "f6b3bc9d63e48f51"],
  ["Module.leanArgs: #[]", "00000000000006bb"]],
 "depHash": "ab9d49004851b9e5"}