{"synthetic": false,
 "schemaVersion": "2025-09-10",
 "outputs":
 {"o": ["31963f350ed7f1b0.olean"],
  "i": "d7223681759ea25a.ilean",
  "c": "636526976e907500.c"},
 "log":
 [{"message":
   ".> LEAN_PATH=/Users/g.bogans/Downloads/fard_witnessed/.lake/build/lib/lean /Users/g.bogans/.elan/toolchains/leanprover--lean4---v4.29.0/bin/lean /Users/g.bogans/Downloads/fard_witnessed/FardWitnessed/Unified.lean -o /Users/g.bogans/Downloads/fard_witnessed/.lake/build/lib/lean/FardWitnessed/Unified.olean -i /Users/g.bogans/Downloads/fard_witnessed/.lake/build/lib/lean/FardWitnessed/Unified.ilean -c /Users/g.bogans/Downloads/fard_witnessed/.lake/build/ir/FardWitnessed/Unified.c --setup /Users/g.bogans/Downloads/fard_witnessed/.lake/build/ir/FardWitnessed/Unified.setup.json --json",
   "level": "trace"}],
 "inputs":
 [["FardWitnessed.Unified:deps",
   [["deps",
     [["FardWitnessed/FardWitnessed:extraDep",
       [["@FardWitnessed:extraDep", "00000000000006bb"]]],
      ["imports",
       [["FardWitnessed.Generalization transitive imports (legacy)",
         "b12e7687fb8f7e33"],
        ["FardWitnessed.Generalization:importAllArts", "ef30bac7eea6dda7"]]]]],
    ["libs",
     [["import dynlibs", "00000000000006bb"],
      ["package external libraries", "00000000000006bb"],
      ["module dynlibs", "00000000000006bb"],
      ["module plugins", "00000000000006bb"]]]]],
  ["Lean 4.29.0, commit 98dc76e3c0a9b856c9b98726b713fb04fab16740",
   "60bb08ef22408c8a"],
  ["/Users/g.bogans/Downloads/fard_witnessed/FardWitnessed/Unified.lean",
   "d363726ab15d9db2"],
  ["options", "00000000000006bb"],
  ["isModule: false", "feefd2a0d3a1847e"],
  ["Module.name: FardWitnessed.Unified", "140c74c1586ce86a"],
  ["Package.id?: (some FardWitnessed)", "f6b3bc9d63e48f51"],
  ["Module.leanArgs: #[]", "00000000000006bb"]],
 "depHash": "8e5a291676a11c7d"}