{"synthetic": false,
 "schemaVersion": "2025-09-10",
 "outputs":
 {"o": ["f8a92a1e49030a94.olean"],
  "i": "8446a093824825a6.ilean",
  "c": "70bddc6dbcf3826c.c"},
 "log":
 [{"message":
   ".> LEAN_PATH=/Users/g.bogans/Downloads/fard_witnessed/.lake/build/lib/lean /Users/g.bogans/.elan/toolchains/leanprover--lean4---v4.29.0/bin/lean /Users/g.bogans/Downloads/fard_witnessed/FardWitnessed/WitnessedRandomness.lean -o /Users/g.bogans/Downloads/fard_witnessed/.lake/build/lib/lean/FardWitnessed/WitnessedRandomness.olean -i /Users/g.bogans/Downloads/fard_witnessed/.lake/build/lib/lean/FardWitnessed/WitnessedRandomness.ilean -c /Users/g.bogans/Downloads/fard_witnessed/.lake/build/ir/FardWitnessed/WitnessedRandomness.c --setup /Users/g.bogans/Downloads/fard_witnessed/.lake/build/ir/FardWitnessed/WitnessedRandomness.setup.json --json",
   "level": "trace"}],
 "inputs":
 [["FardWitnessed.WitnessedRandomness:deps",
   [["deps",
     [["FardWitnessed/FardWitnessed:extraDep",
       [["@FardWitnessed:extraDep", "00000000000006bb"]]],
      ["imports",
       [["FardWitnessed.BaseSystem transitive imports (legacy)",
         "726f76cada8dff89"],
        ["FardWitnessed.BaseSystem:importAllArts", "d709cd40c87a35a7"]]]]],
    ["libs",
     [["import dynlibs", "00000000000006bb"],
      ["package external libraries", "00000000000006bb"],
      ["module dynlibs", "00000000000006bb"],
      ["module plugins", "00000000000006bb"]]]]],
  ["Lean 4.29.0, commit 98dc76e3c0a9b856c9b98726b713fb04fab16740",
   "60bb08ef22408c8a"],
  ["/Users/g.bogans/Downloads/fard_witnessed/FardWitnessed/WitnessedRandomness.lean",
   "04a50ff793998ded"],
  ["options", "00000000000006bb"],
  ["isModule: false", "feefd2a0d3a1847e"],
  ["Module.name: FardWitnessed.WitnessedRandomness", "8ac12cc79c3df817"],
  ["Package.id?: (some FardWitnessed)", "f6b3bc9d63e48f51"],
  ["Module.leanArgs: #[]", "00000000000006bb"]],
 "depHash": "732f0cfef3de10bb"}