{"synthetic": false,
 "schemaVersion": "2025-09-10",
 "outputs": "98b06b5aa41880db",
 "log":
 [{"message":
   ".> MACOSX_DEPLOYMENT_TARGET=99.0 /Users/g.bogans/.elan/toolchains/leanprover--lean4---v4.29.0/bin/clang -o /Users/g.bogans/Downloads/fard_witnessed/.lake/build/bin/fardWitnessed /Users/g.bogans/Downloads/fard_witnessed/.lake/build/ir/Main.c.o.export /Users/g.bogans/Downloads/fard_witnessed/.lake/build/ir/FardWitnessed/Foundation.c.o.export /Users/g.bogans/Downloads/fard_witnessed/.lake/build/ir/FardWitnessed/BaseSystem.c.o.export /Users/g.bogans/Downloads/fard_witnessed/.lake/build/ir/FardWitnessed/WitnessedRandomness.c.o.export /Users/g.bogans/Downloads/fard_witnessed/.lake/build/ir/FardWitnessed/ProbabilityLifting.c.o.export /Users/g.bogans/Downloads/fard_witnessed/.lake/build/ir/FardWitnessed/MeasurePreservation.c.o.export /Users/g.bogans/Downloads/fard_witnessed/.lake/build/ir/FardWitnessed/Convergence.c.o.export /Users/g.bogans/Downloads/fard_witnessed/.lake/build/ir/FardWitnessed/LayerwiseLipschitz.c.o.export /Users/g.bogans/Downloads/fard_witnessed/.lake/build/ir/FardWitnessed/ScalingLaws.c.o.export /Users/g.bogans/Downloads/fard_witnessed/.lake/build/ir/FardWitnessed/Generalization.c.o.export /Users/g.bogans/Downloads/fard_witnessed/.lake/build/ir/FardWitnessed/Unified.c.o.export /Users/g.bogans/Downloads/fard_witnessed/.lake/build/ir/FardWitnessed.c.o.export -L /Users/g.bogans/.elan/toolchains/leanprover--lean4---v4.29.0/lib/lean --sysroot /Users/g.bogans/.elan/toolchains/leanprover--lean4---v4.29.0 -L /Users/g.bogans/.elan/toolchains/leanprover--lean4---v4.29.0/lib -L /Users/g.bogans/.elan/toolchains/leanprover--lean4---v4.29.0/lib/libc -fuse-ld=lld -lleancpp -lInit -lStd -lLean -lleanrt -lc++ -lLake -lgmp -luv -Wl,-dead_strip",
   "level": "trace"}],
 "inputs":
 [["linkObjs",
   [["/Users/g.bogans/Downloads/fard_witnessed/.lake/build/ir/Main.c.o.export",
     "41efdca2483b1131"],
    ["/Users/g.bogans/Downloads/fard_witnessed/.lake/build/ir/FardWitnessed/Foundation.c.o.export",
     "0cdea0ff6301d065"],
    ["/Users/g.bogans/Downloads/fard_witnessed/.lake/build/ir/FardWitnessed/BaseSystem.c.o.export",
     "0a958e3980746d43"],
    ["/Users/g.bogans/Downloads/fard_witnessed/.lake/build/ir/FardWitnessed/WitnessedRandomness.c.o.export",
     "b150dafc6582b1f2"],
    ["/Users/g.bogans/Downloads/fard_witnessed/.lake/build/ir/FardWitnessed/ProbabilityLifting.c.o.export",
     "c3e68569cdfa2d8a"],
    ["/Users/g.bogans/Downloads/fard_witnessed/.lake/build/ir/FardWitnessed/MeasurePreservation.c.o.export",
     "7ceeacdc552bc387"],
    ["/Users/g.bogans/Downloads/fard_witnessed/.lake/build/ir/FardWitnessed/Convergence.c.o.export",
     "ca85fceb87999837"],
    ["/Users/g.bogans/Downloads/fard_witnessed/.lake/build/ir/FardWitnessed/LayerwiseLipschitz.c.o.export",
     "8254caa668c29ed7"],
    ["/Users/g.bogans/Downloads/fard_witnessed/.lake/build/ir/FardWitnessed/ScalingLaws.c.o.export",
     "9e8a4352f1abb44b"],
    ["/Users/g.bogans/Downloads/fard_witnessed/.lake/build/ir/FardWitnessed/Generalization.c.o.export",
     "3033089d219bd379"],
    ["/Users/g.bogans/Downloads/fard_witnessed/.lake/build/ir/FardWitnessed/Unified.c.o.export",
     "bf48db3a7592e3a9"],
    ["/Users/g.bogans/Downloads/fard_witnessed/.lake/build/ir/FardWitnessed.c.o.export",
     "fb40647e02b62bed"]]],
  ["linkLibs", "00000000000006bb"],
  ["Lean 4.29.0, commit 98dc76e3c0a9b856c9b98726b713fb04fab16740",
   "60bb08ef22408c8a"],
  ["traceArgs: #[]", "00000000000006bb"],
  ["arm64-apple-darwin24.6.0", "77c16133d139df5a"]],
 "depHash": "498acf592baf39d9"}